Using pre-set license
Built from '2021.3/staging' branch; Version is '2021.3.11f1 (0a5ca18544bf) revision 679073'; Using compiler version '192829333'; Build Type 'Release'
OS: 'Windows 10  (10.0.19042) 64bit Professional' Language: 'pt' Physical Memory: 8126 MB
BatchMode: 1, IsHumanControllingUs: 0, StartBugReporterOnCrash: 0, Is64bit: 1, IsPro: 1

COMMAND LINE ARGUMENTS:
D:\Users\Luiz Felipe\unity\2021.3.11f1\Editor\Unity.exe
-adb2
-batchMode
-noUpm
-name
AssetImportWorker0
-projectPath
D:/Users/Luis fernando/GitHub/PF1-1/projectplanteta
-logFile
Logs/AssetImportWorker0.log
-srvPort
59784
Successfully changed project path to: D:/Users/Luis fernando/GitHub/PF1-1/projectplanteta
D:/Users/Luis fernando/GitHub/PF1-1/projectplanteta
[UnityMemory] Configuration Parameters - Can be set up in boot.config
    "memorysetup-bucket-allocator-granularity=16"
    "memorysetup-bucket-allocator-bucket-count=8"
    "memorysetup-bucket-allocator-block-size=33554432"
    "memorysetup-bucket-allocator-block-count=8"
    "memorysetup-main-allocator-block-size=16777216"
    "memorysetup-thread-allocator-block-size=16777216"
    "memorysetup-gfx-main-allocator-block-size=16777216"
    "memorysetup-gfx-thread-allocator-block-size=16777216"
    "memorysetup-cache-allocator-block-size=4194304"
    "memorysetup-typetree-allocator-block-size=2097152"
    "memorysetup-profiler-bucket-allocator-granularity=16"
    "memorysetup-profiler-bucket-allocator-bucket-count=8"
    "memorysetup-profiler-bucket-allocator-block-size=33554432"
    "memorysetup-profiler-bucket-allocator-block-count=8"
    "memorysetup-profiler-allocator-block-size=16777216"
    "memorysetup-profiler-editor-allocator-block-size=1048576"
    "memorysetup-temp-allocator-size-main=16777216"
    "memorysetup-job-temp-allocator-block-size=2097152"
    "memorysetup-job-temp-allocator-block-size-background=1048576"
    "memorysetup-job-temp-allocator-reduction-small-platforms=262144"
    "memorysetup-temp-allocator-size-background-worker=32768"
    "memorysetup-temp-allocator-size-job-worker=262144"
    "memorysetup-temp-allocator-size-preload-manager=33554432"
    "memorysetup-temp-allocator-size-nav-mesh-worker=65536"
    "memorysetup-temp-allocator-size-audio-worker=65536"
    "memorysetup-temp-allocator-size-cloud-worker=32768"
    "memorysetup-temp-allocator-size-gi-baking-worker=262144"
    "memorysetup-temp-allocator-size-gfx=262144"
Refreshing native plugins compatible for Editor in 124.57 ms, found 3 plugins.
Preloading 0 native plugins for Editor in 0.00 ms.
Initialize engine version: 2021.3.11f1 (0a5ca18544bf)
[Subsystems] Discovering subsystems at path D:/Users/Luiz Felipe/unity/2021.3.11f1/Editor/Data/Resources/UnitySubsystems
[Subsystems] Discovering subsystems at path D:/Users/Luis fernando/GitHub/PF1-1/projectplanteta/Assets
GfxDevice: creating device client; threaded=0; jobified=0
Direct3D:
    Version:  Direct3D 11.0 [level 11.1]
    Renderer: NVIDIA GeForce GTX 1660 SUPER (ID=0x21c4)
    Vendor:   NVIDIA
    VRAM:     5992 MB
    Driver:   30.0.15.1215
Initialize mono
Mono path[0] = 'D:/Users/Luiz Felipe/unity/2021.3.11f1/Editor/Data/Managed'
Mono path[1] = 'D:/Users/Luiz Felipe/unity/2021.3.11f1/Editor/Data/MonoBleedingEdge/lib/mono/unityjit-win32'
Mono config path = 'D:/Users/Luiz Felipe/unity/2021.3.11f1/Editor/Data/MonoBleedingEdge/etc'
Using monoOptions --debugger-agent=transport=dt_socket,embedding=1,server=y,suspend=n,address=127.0.0.1:56876
Begin MonoManager ReloadAssembly
Registering precompiled unity dll's ...
Register platform support module: D:/Users/Luiz Felipe/unity/2021.3.11f1/Editor/Data/PlaybackEngines/WebGLSupport/UnityEditor.WebGL.Extensions.dll
Register platform support module: D:/Users/Luiz Felipe/unity/2021.3.11f1/Editor/Data/PlaybackEngines/WindowsStandaloneSupport/UnityEditor.WindowsStandalone.Extensions.dll
Registered in 0.083513 seconds.
Native extension for WindowsStandalone target not found
Native extension for WebGL target not found
Refreshing native plugins compatible for Editor in 69.23 ms, found 3 plugins.
Preloading 0 native plugins for Editor in 0.00 ms.
Mono: successfully reloaded assembly
- Completed reload, in  1.273 seconds
Domain Reload Profiling:
	ReloadAssembly (1273ms)
		BeginReloadAssembly (684ms)
			ExecutionOrderSort (0ms)
			DisableScriptedObjects (0ms)
			BackupInstance (0ms)
			ReleaseScriptingObjects (0ms)
			CreateAndSetChildDomain (1ms)
		EndReloadAssembly (412ms)
			LoadAssemblies (685ms)
			RebuildTransferFunctionScriptingTraits (0ms)
			SetupTypeCache (95ms)
			ReleaseScriptCaches (0ms)
			RebuildScriptCaches (28ms)
			SetupLoadedEditorAssemblies (245ms)
				LogAssemblyErrors (0ms)
				InitializePlatformSupportModulesInManaged (8ms)
				SetLoadedEditorAssemblies (0ms)
				RefreshPlugins (70ms)
				BeforeProcessingInitializeOnLoad (2ms)
				ProcessInitializeOnLoadAttributes (125ms)
				ProcessInitializeOnLoadMethodAttributes (40ms)
				AfterProcessingInitializeOnLoad (0ms)
				EditorAssembliesLoaded (0ms)
			ExecutionOrderSort2 (0ms)
			AwakeInstancesAfterBackupRestoration (0ms)
Platform modules already initialized, skipping
Registering precompiled user dll's ...
Registered in 0.139883 seconds.
Begin MonoManager ReloadAssembly
Symbol file LoadedFromMemory doesn't match image D:\Users\Luis fernando\GitHub\PF1-1\projectplanteta\Library\PackageCache\com.unity.visualscripting@1.7.8\Editor\VisualScripting.Core\Dependencies\YamlDotNet\Unity.VisualScripting.YamlDotNet.dll
Symbol file LoadedFromMemory doesn't match image D:\Users\Luis fernando\GitHub\PF1-1\projectplanteta\Library\PackageCache\com.unity.visualscripting@1.7.8\Editor\VisualScripting.Core\Dependencies\DotNetZip\Unity.VisualScripting.IonicZip.dll
Native extension for WindowsStandalone target not found
Native extension for WebGL target not found
Refreshing native plugins compatible for Editor in 0.54 ms, found 3 plugins.
Preloading 0 native plugins for Editor in 0.00 ms.
Mono: successfully reloaded assembly
- Completed reload, in  1.368 seconds
Domain Reload Profiling:
	ReloadAssembly (1369ms)
		BeginReloadAssembly (129ms)
			ExecutionOrderSort (0ms)
			DisableScriptedObjects (6ms)
			BackupInstance (0ms)
			ReleaseScriptingObjects (0ms)
			CreateAndSetChildDomain (19ms)
		EndReloadAssembly (1101ms)
			LoadAssemblies (479ms)
			RebuildTransferFunctionScriptingTraits (0ms)
			SetupTypeCache (208ms)
			ReleaseScriptCaches (1ms)
			RebuildScriptCaches (51ms)
			SetupLoadedEditorAssemblies (352ms)
				LogAssemblyErrors (0ms)
				InitializePlatformSupportModulesInManaged (6ms)
				SetLoadedEditorAssemblies (1ms)
				RefreshPlugins (1ms)
				BeforeProcessingInitializeOnLoad (71ms)
				ProcessInitializeOnLoadAttributes (244ms)
				ProcessInitializeOnLoadMethodAttributes (27ms)
				AfterProcessingInitializeOnLoad (3ms)
				EditorAssembliesLoaded (0ms)
			ExecutionOrderSort2 (0ms)
			AwakeInstancesAfterBackupRestoration (8ms)
Platform modules already initialized, skipping
========================================================================
Worker process is ready to serve import requests
Launched and connected shader compiler UnityShaderCompiler.exe after 0.07 seconds
Refreshing native plugins compatible for Editor in 0.50 ms, found 3 plugins.
Preloading 0 native plugins for Editor in 0.00 ms.
Unloading 3268 Unused Serialized files (Serialized files now loaded: 0)
Unloading 24 unused Assets / (56.1 KB). Loaded Objects now: 3728.
Memory consumption went from 112.3 MB to 112.3 MB.
Total: 2.696300 ms (FindLiveObjects: 0.257400 ms CreateObjectMapping: 0.087200 ms MarkObjects: 2.266400 ms  DeleteObjects: 0.084300 ms)

AssetImportParameters requested are different than current active one (requested -> active):
  custom:video-decoder-ogg-theora: a1e56fd34408186e4bbccfd4996cb3dc -> 
  custom:container-muxer-webm: aa71ff27fc2769a1b78a27578f13a17b -> 
  custom:container-demuxer-webm: 4f35f7cbe854078d1ac9338744f61a02 -> 
  custom:video-encoder-webm-vp8: eb34c28f22e8b96e1ab97ce403110664 -> 
  custom:audio-encoder-webm-vorbis: bf7c407c2cedff20999df2af8eb42d56 -> 
  custom:framework-win-MediaFoundation: 216162199b28c13a410421893ffa2e32 -> 
  custom:container-demuxer-ogg: 62fdf1f143b41e24485cea50d1cbac27 -> 
  custom:video-decoder-webm-vp8: 9c59270c3fd7afecdb556c50c9e8de78 -> 
  custom:audio-decoder-ogg-vorbis: bf7c407c2cedff20999df2af8eb42d56 -> 
========================================================================
Received Import Request.
  Time since last request: 285112.162805 seconds.
  path: Assets/SUPER Character Controller
  artifactKey: Guid(f6c6431254d796c4195867bda13e0a27) Importer(815301076,1909f56bfc062723c751e8b465ee728b)
Start importing Assets/SUPER Character Controller using Guid(f6c6431254d796c4195867bda13e0a27) Importer(815301076,1909f56bfc062723c751e8b465ee728b)  -> (artifact id: 'b8f0cc7cf8af091e18f25350450ae4cd') in 0.025506 seconds 
========================================================================
Received Prepare
Registering precompiled user dll's ...
Registered in 0.005704 seconds.
Begin MonoManager ReloadAssembly
Symbol file LoadedFromMemory doesn't match image D:\Users\Luis fernando\GitHub\PF1-1\projectplanteta\Library\PackageCache\com.unity.visualscripting@1.7.8\Editor\VisualScripting.Core\Dependencies\YamlDotNet\Unity.VisualScripting.YamlDotNet.dll
Symbol file LoadedFromMemory doesn't match image D:\Users\Luis fernando\GitHub\PF1-1\projectplanteta\Library\PackageCache\com.unity.visualscripting@1.7.8\Editor\VisualScripting.Core\Dependencies\DotNetZip\Unity.VisualScripting.IonicZip.dll
Native extension for WindowsStandalone target not found
Native extension for WebGL target not found
Refreshing native plugins compatible for Editor in 0.61 ms, found 3 plugins.
Preloading 0 native plugins for Editor in 0.00 ms.
Mono: successfully reloaded assembly
- Completed reload, in  0.883 seconds
Domain Reload Profiling:
	ReloadAssembly (884ms)
		BeginReloadAssembly (139ms)
			ExecutionOrderSort (0ms)
			DisableScriptedObjects (6ms)
			BackupInstance (0ms)
			ReleaseScriptingObjects (0ms)
			CreateAndSetChildDomain (31ms)
		EndReloadAssembly (664ms)
			LoadAssemblies (103ms)
			RebuildTransferFunctionScriptingTraits (0ms)
			SetupTypeCache (198ms)
			ReleaseScriptCaches (2ms)
			RebuildScriptCaches (49ms)
			SetupLoadedEditorAssemblies (302ms)
				LogAssemblyErrors (0ms)
				InitializePlatformSupportModulesInManaged (13ms)
				SetLoadedEditorAssemblies (0ms)
				RefreshPlugins (1ms)
				BeforeProcessingInitializeOnLoad (73ms)
				ProcessInitializeOnLoadAttributes (178ms)
				ProcessInitializeOnLoadMethodAttributes (33ms)
				AfterProcessingInitializeOnLoad (3ms)
				EditorAssembliesLoaded (0ms)
			ExecutionOrderSort2 (0ms)
			AwakeInstancesAfterBackupRestoration (6ms)
Platform modules already initialized, skipping
Refreshing native plugins compatible for Editor in 1.60 ms, found 3 plugins.
Preloading 0 native plugins for Editor in 0.00 ms.
Unloading 3255 Unused Serialized files (Serialized files now loaded: 0)
Unloading 17 unused Assets / (24.6 KB). Loaded Objects now: 3731.
Memory consumption went from 111.8 MB to 111.8 MB.
Total: 2.491900 ms (FindLiveObjects: 0.227700 ms CreateObjectMapping: 0.076500 ms MarkObjects: 2.166300 ms  DeleteObjects: 0.020500 ms)

AssetImportParameters requested are different than current active one (requested -> active):
  custom:video-decoder-ogg-theora: a1e56fd34408186e4bbccfd4996cb3dc -> 
  custom:container-muxer-webm: aa71ff27fc2769a1b78a27578f13a17b -> 
  custom:container-demuxer-webm: 4f35f7cbe854078d1ac9338744f61a02 -> 
  custom:video-encoder-webm-vp8: eb34c28f22e8b96e1ab97ce403110664 -> 
  custom:audio-encoder-webm-vorbis: bf7c407c2cedff20999df2af8eb42d56 -> 
  custom:framework-win-MediaFoundation: 216162199b28c13a410421893ffa2e32 -> 
  custom:container-demuxer-ogg: 62fdf1f143b41e24485cea50d1cbac27 -> 
  custom:video-decoder-webm-vp8: 9c59270c3fd7afecdb556c50c9e8de78 -> 
  custom:audio-decoder-ogg-vorbis: bf7c407c2cedff20999df2af8eb42d56 -> 
========================================================================
Received Import Request.
  Time since last request: 7.530729 seconds.
  path: Assets/TutorialInfo
  artifactKey: Guid(b641b384d82729b4ea2c8920d79a42cf) Importer(815301076,1909f56bfc062723c751e8b465ee728b)
Start importing Assets/TutorialInfo using Guid(b641b384d82729b4ea2c8920d79a42cf) Importer(815301076,1909f56bfc062723c751e8b465ee728b)  -> (artifact id: '79497001e02ae08a61efec6b0be82ba8') in 0.006179 seconds 
========================================================================
Received Prepare
Registering precompiled user dll's ...
Registered in 0.005620 seconds.
Begin MonoManager ReloadAssembly
Symbol file LoadedFromMemory doesn't match image D:\Users\Luis fernando\GitHub\PF1-1\projectplanteta\Library\PackageCache\com.unity.visualscripting@1.7.8\Editor\VisualScripting.Core\Dependencies\YamlDotNet\Unity.VisualScripting.YamlDotNet.dll
Symbol file LoadedFromMemory doesn't match image D:\Users\Luis fernando\GitHub\PF1-1\projectplanteta\Library\PackageCache\com.unity.visualscripting@1.7.8\Editor\VisualScripting.Core\Dependencies\DotNetZip\Unity.VisualScripting.IonicZip.dll
Native extension for WindowsStandalone target not found
Native extension for WebGL target not found
Refreshing native plugins compatible for Editor in 0.56 ms, found 3 plugins.
Preloading 0 native plugins for Editor in 0.00 ms.
Mono: successfully reloaded assembly
- Completed reload, in  0.927 seconds
Domain Reload Profiling:
	ReloadAssembly (928ms)
		BeginReloadAssembly (142ms)
			ExecutionOrderSort (0ms)
			DisableScriptedObjects (6ms)
			BackupInstance (0ms)
			ReleaseScriptingObjects (0ms)
			CreateAndSetChildDomain (30ms)
		EndReloadAssembly (699ms)
			LoadAssemblies (108ms)
			RebuildTransferFunctionScriptingTraits (0ms)
			SetupTypeCache (204ms)
			ReleaseScriptCaches (2ms)
			RebuildScriptCaches (54ms)
			SetupLoadedEditorAssemblies (316ms)
				LogAssemblyErrors (0ms)
				InitializePlatformSupportModulesInManaged (12ms)
				SetLoadedEditorAssemblies (0ms)
				RefreshPlugins (1ms)
				BeforeProcessingInitializeOnLoad (74ms)
				ProcessInitializeOnLoadAttributes (199ms)
				ProcessInitializeOnLoadMethodAttributes (27ms)
				AfterProcessingInitializeOnLoad (3ms)
				EditorAssembliesLoaded (0ms)
			ExecutionOrderSort2 (0ms)
			AwakeInstancesAfterBackupRestoration (7ms)
Platform modules already initialized, skipping
Refreshing native plugins compatible for Editor in 1.63 ms, found 3 plugins.
Preloading 0 native plugins for Editor in 0.00 ms.
Unloading 3253 Unused Serialized files (Serialized files now loaded: 0)
Unloading 17 unused Assets / (24.6 KB). Loaded Objects now: 3734.
Memory consumption went from 111.9 MB to 111.9 MB.
Total: 2.750300 ms (FindLiveObjects: 0.239200 ms CreateObjectMapping: 0.074800 ms MarkObjects: 2.414500 ms  DeleteObjects: 0.020300 ms)

AssetImportParameters requested are different than current active one (requested -> active):
  custom:video-decoder-ogg-theora: a1e56fd34408186e4bbccfd4996cb3dc -> 
  custom:container-muxer-webm: aa71ff27fc2769a1b78a27578f13a17b -> 
  custom:container-demuxer-webm: 4f35f7cbe854078d1ac9338744f61a02 -> 
  custom:video-encoder-webm-vp8: eb34c28f22e8b96e1ab97ce403110664 -> 
  custom:audio-encoder-webm-vorbis: bf7c407c2cedff20999df2af8eb42d56 -> 
  custom:framework-win-MediaFoundation: 216162199b28c13a410421893ffa2e32 -> 
  custom:container-demuxer-ogg: 62fdf1f143b41e24485cea50d1cbac27 -> 
  custom:video-decoder-webm-vp8: 9c59270c3fd7afecdb556c50c9e8de78 -> 
  custom:audio-decoder-ogg-vorbis: bf7c407c2cedff20999df2af8eb42d56 -> 
========================================================================
Received Import Request.
  Time since last request: 11.161286 seconds.
  path: Assets
  artifactKey: Guid(00000000000000001000000000000000) Importer(815301076,1909f56bfc062723c751e8b465ee728b)
Start importing Assets using Guid(00000000000000001000000000000000) Importer(815301076,1909f56bfc062723c751e8b465ee728b)  -> (artifact id: '79842766b460edbeab6a34051e857a80') in 0.007283 seconds 
========================================================================
Received Prepare
Registering precompiled user dll's ...
Registered in 0.005726 seconds.
Begin MonoManager ReloadAssembly
Symbol file LoadedFromMemory doesn't match image D:\Users\Luis fernando\GitHub\PF1-1\projectplanteta\Library\PackageCache\com.unity.visualscripting@1.7.8\Editor\VisualScripting.Core\Dependencies\YamlDotNet\Unity.VisualScripting.YamlDotNet.dll
Symbol file LoadedFromMemory doesn't match image D:\Users\Luis fernando\GitHub\PF1-1\projectplanteta\Library\PackageCache\com.unity.visualscripting@1.7.8\Editor\VisualScripting.Core\Dependencies\DotNetZip\Unity.VisualScripting.IonicZip.dll
Native extension for WindowsStandalone target not found
Native extension for WebGL target not found
Refreshing native plugins compatible for Editor in 0.55 ms, found 3 plugins.
Preloading 0 native plugins for Editor in 0.00 ms.
Mono: successfully reloaded assembly
- Completed reload, in  0.895 seconds
Domain Reload Profiling:
	ReloadAssembly (896ms)
		BeginReloadAssembly (145ms)
			ExecutionOrderSort (0ms)
			DisableScriptedObjects (5ms)
			BackupInstance (0ms)
			ReleaseScriptingObjects (0ms)
			CreateAndSetChildDomain (32ms)
		EndReloadAssembly (668ms)
			LoadAssemblies (103ms)
			RebuildTransferFunctionScriptingTraits (0ms)
			SetupTypeCache (193ms)
			ReleaseScriptCaches (2ms)
			RebuildScriptCaches (55ms)
			SetupLoadedEditorAssemblies (307ms)
				LogAssemblyErrors (0ms)
				InitializePlatformSupportModulesInManaged (12ms)
				SetLoadedEditorAssemblies (0ms)
				RefreshPlugins (1ms)
				BeforeProcessingInitializeOnLoad (71ms)
				ProcessInitializeOnLoadAttributes (194ms)
				ProcessInitializeOnLoadMethodAttributes (25ms)
				AfterProcessingInitializeOnLoad (3ms)
				EditorAssembliesLoaded (0ms)
			ExecutionOrderSort2 (0ms)
			AwakeInstancesAfterBackupRestoration (6ms)
Platform modules already initialized, skipping
Refreshing native plugins compatible for Editor in 2.08 ms, found 3 plugins.
Preloading 0 native plugins for Editor in 0.00 ms.
Unloading 3262 Unused Serialized files (Serialized files now loaded: 0)
Unloading 17 unused Assets / (24.7 KB). Loaded Objects now: 3737.
Memory consumption went from 112.1 MB to 112.1 MB.
Total: 2.573300 ms (FindLiveObjects: 0.227600 ms CreateObjectMapping: 0.082800 ms MarkObjects: 2.243000 ms  DeleteObjects: 0.019100 ms)

AssetImportParameters requested are different than current active one (requested -> active):
  custom:video-decoder-ogg-theora: a1e56fd34408186e4bbccfd4996cb3dc -> 
  custom:container-muxer-webm: aa71ff27fc2769a1b78a27578f13a17b -> 
  custom:container-demuxer-webm: 4f35f7cbe854078d1ac9338744f61a02 -> 
  custom:video-encoder-webm-vp8: eb34c28f22e8b96e1ab97ce403110664 -> 
  custom:audio-encoder-webm-vorbis: bf7c407c2cedff20999df2af8eb42d56 -> 
  custom:framework-win-MediaFoundation: 216162199b28c13a410421893ffa2e32 -> 
  custom:container-demuxer-ogg: 62fdf1f143b41e24485cea50d1cbac27 -> 
  custom:video-decoder-webm-vp8: 9c59270c3fd7afecdb556c50c9e8de78 -> 
  custom:audio-decoder-ogg-vorbis: bf7c407c2cedff20999df2af8eb42d56 -> 
========================================================================
Received Import Request.
  Time since last request: 23.958483 seconds.
  path: Assets/SUPER Character Controller
  artifactKey: Guid(f6c6431254d796c4195867bda13e0a27) Importer(815301076,1909f56bfc062723c751e8b465ee728b)
Start importing Assets/SUPER Character Controller using Guid(f6c6431254d796c4195867bda13e0a27) Importer(815301076,1909f56bfc062723c751e8b465ee728b)  -> (artifact id: '5e753632c0bf9ff626550c29840e92e8') in 0.006608 seconds 
========================================================================
Received Import Request.
  Time since last request: 9.411551 seconds.
  path: Assets/SUPER Character Controller/SUPER Character Controller
  artifactKey: Guid(47c88600210bc8647843f9b2da4c1a42) Importer(815301076,1909f56bfc062723c751e8b465ee728b)
Start importing Assets/SUPER Character Controller/SUPER Character Controller using Guid(47c88600210bc8647843f9b2da4c1a42) Importer(815301076,1909f56bfc062723c751e8b465ee728b)  -> (artifact id: 'ffb1cd93049814bba579e74f4ca1a6a7') in 0.001481 seconds 
========================================================================
Received Import Request.
  Time since last request: 0.076155 seconds.
  path: Assets/SUPER Character Controller/SUPER Character Controller/Super First Person Controller.prefab
  artifactKey: Guid(32fce1012f8c24c43af86f00f457f500) Importer(815301076,1909f56bfc062723c751e8b465ee728b)
Start importing Assets/SUPER Character Controller/SUPER Character Controller/Super First Person Controller.prefab using Guid(32fce1012f8c24c43af86f00f457f500) Importer(815301076,1909f56bfc062723c751e8b465ee728b)  -> (artifact id: '111e674e11066ad182088afffb1671f4') in 0.043989 seconds 
========================================================================
Received Prepare
Registering precompiled user dll's ...
Registered in 0.005668 seconds.
Begin MonoManager ReloadAssembly
Symbol file LoadedFromMemory doesn't match image D:\Users\Luis fernando\GitHub\PF1-1\projectplanteta\Library\PackageCache\com.unity.visualscripting@1.7.8\Editor\VisualScripting.Core\Dependencies\YamlDotNet\Unity.VisualScripting.YamlDotNet.dll
Symbol file LoadedFromMemory doesn't match image D:\Users\Luis fernando\GitHub\PF1-1\projectplanteta\Library\PackageCache\com.unity.visualscripting@1.7.8\Editor\VisualScripting.Core\Dependencies\DotNetZip\Unity.VisualScripting.IonicZip.dll
Native extension for WindowsStandalone target not found
Native extension for WebGL target not found
Refreshing native plugins compatible for Editor in 1.13 ms, found 3 plugins.
Preloading 0 native plugins for Editor in 0.00 ms.
Mono: successfully reloaded assembly
- Completed reload, in  1.136 seconds
Domain Reload Profiling:
	ReloadAssembly (1137ms)
		BeginReloadAssembly (172ms)
			ExecutionOrderSort (0ms)
			DisableScriptedObjects (6ms)
			BackupInstance (0ms)
			ReleaseScriptingObjects (0ms)
			CreateAndSetChildDomain (39ms)
		EndReloadAssembly (865ms)
			LoadAssemblies (134ms)
			RebuildTransferFunctionScriptingTraits (0ms)
			SetupTypeCache (281ms)
			ReleaseScriptCaches (3ms)
			RebuildScriptCaches (63ms)
			SetupLoadedEditorAssemblies (361ms)
				LogAssemblyErrors (0ms)
				InitializePlatformSupportModulesInManaged (14ms)
				SetLoadedEditorAssemblies (0ms)
				RefreshPlugins (1ms)
				BeforeProcessingInitializeOnLoad (81ms)
				ProcessInitializeOnLoadAttributes (229ms)
				ProcessInitializeOnLoadMethodAttributes (31ms)
				AfterProcessingInitializeOnLoad (3ms)
				EditorAssembliesLoaded (0ms)
			ExecutionOrderSort2 (0ms)
			AwakeInstancesAfterBackupRestoration (7ms)
Platform modules already initialized, skipping
Refreshing native plugins compatible for Editor in 1.78 ms, found 3 plugins.
Preloading 0 native plugins for Editor in 0.00 ms.
Unloading 3262 Unused Serialized files (Serialized files now loaded: 0)
Unloading 17 unused Assets / (24.7 KB). Loaded Objects now: 3741.
Memory consumption went from 112.1 MB to 112.1 MB.
Total: 2.973500 ms (FindLiveObjects: 0.242200 ms CreateObjectMapping: 0.072700 ms MarkObjects: 2.634900 ms  DeleteObjects: 0.022700 ms)

AssetImportParameters requested are different than current active one (requested -> active):
  custom:video-decoder-ogg-theora: a1e56fd34408186e4bbccfd4996cb3dc -> 
  custom:container-muxer-webm: aa71ff27fc2769a1b78a27578f13a17b -> 
  custom:container-demuxer-webm: 4f35f7cbe854078d1ac9338744f61a02 -> 
  custom:video-encoder-webm-vp8: eb34c28f22e8b96e1ab97ce403110664 -> 
  custom:audio-encoder-webm-vorbis: bf7c407c2cedff20999df2af8eb42d56 -> 
  custom:framework-win-MediaFoundation: 216162199b28c13a410421893ffa2e32 -> 
  custom:container-demuxer-ogg: 62fdf1f143b41e24485cea50d1cbac27 -> 
  custom:video-decoder-webm-vp8: 9c59270c3fd7afecdb556c50c9e8de78 -> 
  custom:audio-decoder-ogg-vorbis: bf7c407c2cedff20999df2af8eb42d56 -> 
========================================================================
Received Import Request.
  Time since last request: 140.121700 seconds.
  path: Assets/SUPER Character Controller/SUPER Character Controller/New Physic Material.physicMaterial
  artifactKey: Guid(3d4e775d36c856d4f983b0104a4ca2cd) Importer(815301076,1909f56bfc062723c751e8b465ee728b)
Start importing Assets/SUPER Character Controller/SUPER Character Controller/New Physic Material.physicMaterial using Guid(3d4e775d36c856d4f983b0104a4ca2cd) Importer(815301076,1909f56bfc062723c751e8b465ee728b)  -> (artifact id: 'e187fc6bf486f8f7a9d1dbe44780f7b6') in 0.016531 seconds 
========================================================================
Received Import Request.
  Time since last request: 5.041646 seconds.
  path: Assets/SUPER Character Controller/SUPER Character Controller/Super First Person Controller.prefab
  artifactKey: Guid(32fce1012f8c24c43af86f00f457f500) Importer(815301076,1909f56bfc062723c751e8b465ee728b)
Start importing Assets/SUPER Character Controller/SUPER Character Controller/Super First Person Controller.prefab using Guid(32fce1012f8c24c43af86f00f457f500) Importer(815301076,1909f56bfc062723c751e8b465ee728b)  -> (artifact id: '61b5acbd403a245e358482b575d59a68') in 0.018332 seconds 
========================================================================
Received Import Request.
  Time since last request: 25.034732 seconds.
  path: Assets/SUPER Character Controller/SUPER Character Controller/SUPERCharacterAIO.cs
  artifactKey: Guid(8acb2371b9f0ce3429e7935fa5efe263) Importer(815301076,1909f56bfc062723c751e8b465ee728b)
Start importing Assets/SUPER Character Controller/SUPER Character Controller/SUPERCharacterAIO.cs using Guid(8acb2371b9f0ce3429e7935fa5efe263) Importer(815301076,1909f56bfc062723c751e8b465ee728b)  -> (artifact id: 'c4d5a8ae4a06ce438e65ddfb859f664a') in 0.010317 seconds 
========================================================================
Received Import Request.
  Time since last request: 16.226850 seconds.
  path: Assets/New Folder
  artifactKey: Guid(41e9197db72bc864c8953a54257f4a67) Importer(815301076,1909f56bfc062723c751e8b465ee728b)
Start importing Assets/New Folder using Guid(41e9197db72bc864c8953a54257f4a67) Importer(815301076,1909f56bfc062723c751e8b465ee728b)  -> (artifact id: '97ce1bda946d1c1fe48c099e0dfa0625') in 0.001972 seconds 
========================================================================
Received Import Request.
  Time since last request: 623.724042 seconds.
  path: Assets/New Terrain.asset
  artifactKey: Guid(801a1f043ef9611429c7df3bd094bf45) Importer(815301076,1909f56bfc062723c751e8b465ee728b)
Start importing Assets/New Terrain.asset using Guid(801a1f043ef9611429c7df3bd094bf45) Importer(815301076,1909f56bfc062723c751e8b465ee728b)  -> (artifact id: '7bdb992d1a71eb88056129731474441c') in 0.012454 seconds 
========================================================================
Received Import Request.
  Time since last request: 329.843597 seconds.
  path: Assets/prefabs/chao.prefab
  artifactKey: Guid(b23f8e2a07507404f849406ff687b2bc) Importer(815301076,1909f56bfc062723c751e8b465ee728b)
Start importing Assets/prefabs/chao.prefab using Guid(b23f8e2a07507404f849406ff687b2bc) Importer(815301076,1909f56bfc062723c751e8b465ee728b)  -> (artifact id: '855ff9577d67ebe769c4bf55e3c8865c') in 0.392672 seconds 
========================================================================
Received Import Request.
  Time since last request: 7.714776 seconds.
  path: Assets/prefabs/base.prefab
  artifactKey: Guid(777688cd54980634bb46d5e5b32ba03f) Importer(815301076,1909f56bfc062723c751e8b465ee728b)
Start importing Assets/prefabs/base.prefab using Guid(777688cd54980634bb46d5e5b32ba03f) Importer(815301076,1909f56bfc062723c751e8b465ee728b)  -> (artifact id: 'e569965a53dbcf13c66b6857cf6ae671') in 0.010920 seconds 
========================================================================
Received Import Request.
  Time since last request: 5.419673 seconds.
  path: Assets/prefabs/vulcao.prefab
  artifactKey: Guid(a6fc369c2bfac0d49883168f2e5ff1e8) Importer(815301076,1909f56bfc062723c751e8b465ee728b)
Start importing Assets/prefabs/vulcao.prefab using Guid(a6fc369c2bfac0d49883168f2e5ff1e8) Importer(815301076,1909f56bfc062723c751e8b465ee728b)  -> (artifact id: 'c445df1b8590577fb6d1a7135790d608') in 0.009688 seconds 
========================================================================
Received Import Request.
  Time since last request: 3.445292 seconds.
  path: Assets/prefabs/ponte.prefab
  artifactKey: Guid(816c0e0054a21a9468c7fcea5f850892) Importer(815301076,1909f56bfc062723c751e8b465ee728b)
Start importing Assets/prefabs/ponte.prefab using Guid(816c0e0054a21a9468c7fcea5f850892) Importer(815301076,1909f56bfc062723c751e8b465ee728b)  -> (artifact id: 'd35394b3c4e6ceca96721fbaf822cc4e') in 0.017804 seconds 
========================================================================
Received Import Request.
  Time since last request: 12.370291 seconds.
  path: Assets/prefabs/vulcao 1.prefab
  artifactKey: Guid(40b1d667a23414f48ad0b4d29d7fbe62) Importer(815301076,1909f56bfc062723c751e8b465ee728b)
Start importing Assets/prefabs/vulcao 1.prefab using Guid(40b1d667a23414f48ad0b4d29d7fbe62) Importer(815301076,1909f56bfc062723c751e8b465ee728b)  -> (artifact id: 'c807da37f9843b3823af2e8057fa700f') in 0.009290 seconds 
========================================================================
Received Import Request.
  Time since last request: 40.231135 seconds.
  path: Assets/assets
  artifactKey: Guid(41e9197db72bc864c8953a54257f4a67) Importer(815301076,1909f56bfc062723c751e8b465ee728b)
Start importing Assets/assets using Guid(41e9197db72bc864c8953a54257f4a67) Importer(815301076,1909f56bfc062723c751e8b465ee728b)  -> (artifact id: 'e0b67c4d109eec909282c81901ac249a') in 0.002394 seconds 
========================================================================
Received Import Request.
  Time since last request: 18.930953 seconds.
  path: Assets/assets/vulcao.prefab
  artifactKey: Guid(c72dd98d3b373874680d618b2f776857) Importer(815301076,1909f56bfc062723c751e8b465ee728b)
Start importing Assets/assets/vulcao.prefab using Guid(c72dd98d3b373874680d618b2f776857) Importer(815301076,1909f56bfc062723c751e8b465ee728b)  -> (artifact id: 'a89ce0e07e005bb895a5c3605943fbfd') in 0.008186 seconds 
========================================================================
Received Import Request.
  Time since last request: 0.038993 seconds.
  path: Assets/assets/base.prefab
  artifactKey: Guid(380681e0958db4e4dacd0a44f51d808f) Importer(815301076,1909f56bfc062723c751e8b465ee728b)
Start importing Assets/assets/base.prefab using Guid(380681e0958db4e4dacd0a44f51d808f) Importer(815301076,1909f56bfc062723c751e8b465ee728b)  -> (artifact id: '154b0b0677a189c550167bddd855054a') in 0.009077 seconds 
========================================================================
Received Import Request.
  Time since last request: 0.000018 seconds.
  path: Assets/assets/ponte.prefab
  artifactKey: Guid(b99c551c621361f4fac746af92f05e6e) Importer(815301076,1909f56bfc062723c751e8b465ee728b)
Start importing Assets/assets/ponte.prefab using Guid(b99c551c621361f4fac746af92f05e6e) Importer(815301076,1909f56bfc062723c751e8b465ee728b)  -> (artifact id: '65827eabf0df51f03172916066e1f6cb') in 0.010167 seconds 
========================================================================
Received Import Request.
  Time since last request: 0.000038 seconds.
  path: Assets/assets/vulcao 1.prefab
  artifactKey: Guid(d5d3b3b39dab8054c8137970e9142582) Importer(815301076,1909f56bfc062723c751e8b465ee728b)
Start importing Assets/assets/vulcao 1.prefab using Guid(d5d3b3b39dab8054c8137970e9142582) Importer(815301076,1909f56bfc062723c751e8b465ee728b)  -> (artifact id: 'a2a3c3a9714735041f5264c7a2baa2fb') in 0.010997 seconds 
========================================================================
Received Import Request.
  Time since last request: 0.000017 seconds.
  path: Assets/assets/chao.prefab
  artifactKey: Guid(5175450f982ac4f4f84638790631eff7) Importer(815301076,1909f56bfc062723c751e8b465ee728b)
Start importing Assets/assets/chao.prefab using Guid(5175450f982ac4f4f84638790631eff7) Importer(815301076,1909f56bfc062723c751e8b465ee728b)  -> (artifact id: 'b46f6123fdb33168215d7fa6bd7030e2') in 0.011141 seconds 
========================================================================
Received Import Request.
  Time since last request: 27.209429 seconds.
  path: Assets/SUPER Character Controller/Demo Assets
  artifactKey: Guid(192c8660be23b8543a3d160d83fbb54d) Importer(815301076,1909f56bfc062723c751e8b465ee728b)
Start importing Assets/SUPER Character Controller/Demo Assets using Guid(192c8660be23b8543a3d160d83fbb54d) Importer(815301076,1909f56bfc062723c751e8b465ee728b)  -> (artifact id: '21c21078686449cd6c954a2b7488ed9c') in 0.001758 seconds 
========================================================================
Received Import Request.
  Time since last request: 204.586024 seconds.
  path: Assets/material
  artifactKey: Guid(78f424d64a5cb1b42b43d7bf3aa17428) Importer(815301076,1909f56bfc062723c751e8b465ee728b)
Start importing Assets/material using Guid(78f424d64a5cb1b42b43d7bf3aa17428) Importer(815301076,1909f56bfc062723c751e8b465ee728b)  -> (artifact id: '66123a2290fe827832d1bc6890144bc0') in 0.001952 seconds 
========================================================================
Received Import Request.
  Time since last request: 11.441299 seconds.
  path: Assets/material/New Material.mat
  artifactKey: Guid(ddbd2ecf3287c6241ad435c92009208e) Importer(815301076,1909f56bfc062723c751e8b465ee728b)
Start importing Assets/material/New Material.mat using Guid(ddbd2ecf3287c6241ad435c92009208e) Importer(815301076,1909f56bfc062723c751e8b465ee728b)  -> (artifact id: '2f71a8230f27ff228e6c90deef4baf9d') in 0.281949 seconds 
========================================================================
Received Import Request.
  Time since last request: 74.922264 seconds.
  path: Assets/assets/Capsule.prefab
  artifactKey: Guid(5b08af9a05f6599488abeb60b22e20f3) Importer(815301076,1909f56bfc062723c751e8b465ee728b)
Start importing Assets/assets/Capsule.prefab using Guid(5b08af9a05f6599488abeb60b22e20f3) Importer(815301076,1909f56bfc062723c751e8b465ee728b)  -> (artifact id: '560a5308b1e6289b8255a4b666ded462') in 0.021160 seconds 
========================================================================
Received Import Request.
  Time since last request: 6.771538 seconds.
  path: Assets/prefabs
  artifactKey: Guid(52927c1b7804d584889eeb2f02c016b2) Importer(815301076,1909f56bfc062723c751e8b465ee728b)
Start importing Assets/prefabs using Guid(52927c1b7804d584889eeb2f02c016b2) Importer(815301076,1909f56bfc062723c751e8b465ee728b)  -> (artifact id: '0f5266805b5593f7d8771eadaf09a924') in 0.001832 seconds 
========================================================================
Received Import Request.
  Time since last request: 79.258597 seconds.
  path: Assets/material/New Material 1.mat
  artifactKey: Guid(002decb47b1e67742a1ead5f944b599a) Importer(815301076,1909f56bfc062723c751e8b465ee728b)
Start importing Assets/material/New Material 1.mat using Guid(002decb47b1e67742a1ead5f944b599a) Importer(815301076,1909f56bfc062723c751e8b465ee728b)  -> (artifact id: '151aea6f472f076b272deab197f425b7') in 0.009792 seconds 
========================================================================
Received Import Request.
  Time since last request: 154.163597 seconds.
  path: Assets/material/New Material 2.mat
  artifactKey: Guid(2cb2c3b32d6648e439af78d35a0f947b) Importer(815301076,1909f56bfc062723c751e8b465ee728b)
Start importing Assets/material/New Material 2.mat using Guid(2cb2c3b32d6648e439af78d35a0f947b) Importer(815301076,1909f56bfc062723c751e8b465ee728b)  -> (artifact id: 'fe14453c79189ec9426e8c39288153a4') in 0.009331 seconds 
========================================================================
Received Import Request.
  Time since last request: 246.336104 seconds.
  path: Assets/assets/montanha.prefab
  artifactKey: Guid(82617b4d893a0004082d36911ab28f34) Importer(815301076,1909f56bfc062723c751e8b465ee728b)
Start importing Assets/assets/montanha.prefab using Guid(82617b4d893a0004082d36911ab28f34) Importer(815301076,1909f56bfc062723c751e8b465ee728b)  -> (artifact id: '93ae2d87a0ec25ce095899a96f947abf') in 0.009726 seconds 
========================================================================
Received Prepare
Registering precompiled user dll's ...
Registered in 0.005779 seconds.
Begin MonoManager ReloadAssembly
Symbol file LoadedFromMemory doesn't match image D:\Users\Luis fernando\GitHub\PF1-1\projectplanteta\Library\PackageCache\com.unity.visualscripting@1.7.8\Editor\VisualScripting.Core\Dependencies\YamlDotNet\Unity.VisualScripting.YamlDotNet.dll
Symbol file LoadedFromMemory doesn't match image D:\Users\Luis fernando\GitHub\PF1-1\projectplanteta\Library\PackageCache\com.unity.visualscripting@1.7.8\Editor\VisualScripting.Core\Dependencies\DotNetZip\Unity.VisualScripting.IonicZip.dll
Native extension for WindowsStandalone target not found
Native extension for WebGL target not found
Refreshing native plugins compatible for Editor in 0.64 ms, found 3 plugins.
Preloading 0 native plugins for Editor in 0.00 ms.
Mono: successfully reloaded assembly
- Completed reload, in  1.027 seconds
Domain Reload Profiling:
	ReloadAssembly (1028ms)
		BeginReloadAssembly (200ms)
			ExecutionOrderSort (0ms)
			DisableScriptedObjects (5ms)
			BackupInstance (0ms)
			ReleaseScriptingObjects (0ms)
			CreateAndSetChildDomain (79ms)
		EndReloadAssembly (737ms)
			LoadAssemblies (119ms)
			RebuildTransferFunctionScriptingTraits (0ms)
			SetupTypeCache (222ms)
			ReleaseScriptCaches (2ms)
			RebuildScriptCaches (73ms)
			SetupLoadedEditorAssemblies (319ms)
				LogAssemblyErrors (0ms)
				InitializePlatformSupportModulesInManaged (14ms)
				SetLoadedEditorAssemblies (1ms)
				RefreshPlugins (1ms)
				BeforeProcessingInitializeOnLoad (73ms)
				ProcessInitializeOnLoadAttributes (198ms)
				ProcessInitializeOnLoadMethodAttributes (29ms)
				AfterProcessingInitializeOnLoad (3ms)
				EditorAssembliesLoaded (0ms)
			ExecutionOrderSort2 (0ms)
			AwakeInstancesAfterBackupRestoration (6ms)
Platform modules already initialized, skipping
Refreshing native plugins compatible for Editor in 1.95 ms, found 3 plugins.
Preloading 0 native plugins for Editor in 0.00 ms.
Unloading 3262 Unused Serialized files (Serialized files now loaded: 0)
Unloading 19 unused Assets / (0.5 MB). Loaded Objects now: 3788.
Memory consumption went from 117.7 MB to 117.2 MB.
Total: 3.656100 ms (FindLiveObjects: 0.247900 ms CreateObjectMapping: 0.075500 ms MarkObjects: 3.066300 ms  DeleteObjects: 0.265100 ms)

AssetImportParameters requested are different than current active one (requested -> active):
  custom:video-decoder-ogg-theora: a1e56fd34408186e4bbccfd4996cb3dc -> 
  custom:container-muxer-webm: aa71ff27fc2769a1b78a27578f13a17b -> 
  custom:container-demuxer-webm: 4f35f7cbe854078d1ac9338744f61a02 -> 
  custom:video-encoder-webm-vp8: eb34c28f22e8b96e1ab97ce403110664 -> 
  custom:audio-encoder-webm-vorbis: bf7c407c2cedff20999df2af8eb42d56 -> 
  custom:framework-win-MediaFoundation: 216162199b28c13a410421893ffa2e32 -> 
  custom:container-demuxer-ogg: 62fdf1f143b41e24485cea50d1cbac27 -> 
  custom:video-decoder-webm-vp8: 9c59270c3fd7afecdb556c50c9e8de78 -> 
  custom:audio-decoder-ogg-vorbis: bf7c407c2cedff20999df2af8eb42d56 -> 
========================================================================
Received Prepare
Registering precompiled user dll's ...
Registered in 0.005455 seconds.
Begin MonoManager ReloadAssembly
Symbol file LoadedFromMemory doesn't match image D:\Users\Luis fernando\GitHub\PF1-1\projectplanteta\Library\PackageCache\com.unity.visualscripting@1.7.8\Editor\VisualScripting.Core\Dependencies\YamlDotNet\Unity.VisualScripting.YamlDotNet.dll
Symbol file LoadedFromMemory doesn't match image D:\Users\Luis fernando\GitHub\PF1-1\projectplanteta\Library\PackageCache\com.unity.visualscripting@1.7.8\Editor\VisualScripting.Core\Dependencies\DotNetZip\Unity.VisualScripting.IonicZip.dll
Native extension for WindowsStandalone target not found
Native extension for WebGL target not found
Refreshing native plugins compatible for Editor in 0.57 ms, found 3 plugins.
Preloading 0 native plugins for Editor in 0.00 ms.
Mono: successfully reloaded assembly
- Completed reload, in  0.960 seconds
Domain Reload Profiling:
	ReloadAssembly (961ms)
		BeginReloadAssembly (142ms)
			ExecutionOrderSort (0ms)
			DisableScriptedObjects (6ms)
			BackupInstance (0ms)
			ReleaseScriptingObjects (0ms)
			CreateAndSetChildDomain (31ms)
		EndReloadAssembly (718ms)
			LoadAssemblies (109ms)
			RebuildTransferFunctionScriptingTraits (0ms)
			SetupTypeCache (230ms)
			ReleaseScriptCaches (2ms)
			RebuildScriptCaches (53ms)
			SetupLoadedEditorAssemblies (314ms)
				LogAssemblyErrors (0ms)
				InitializePlatformSupportModulesInManaged (12ms)
				SetLoadedEditorAssemblies (0ms)
				RefreshPlugins (1ms)
				BeforeProcessingInitializeOnLoad (72ms)
				ProcessInitializeOnLoadAttributes (194ms)
				ProcessInitializeOnLoadMethodAttributes (32ms)
				AfterProcessingInitializeOnLoad (3ms)
				EditorAssembliesLoaded (0ms)
			ExecutionOrderSort2 (0ms)
			AwakeInstancesAfterBackupRestoration (7ms)
Platform modules already initialized, skipping
Refreshing native plugins compatible for Editor in 1.69 ms, found 3 plugins.
Preloading 0 native plugins for Editor in 0.00 ms.
Unloading 3262 Unused Serialized files (Serialized files now loaded: 0)
Unloading 17 unused Assets / (24.7 KB). Loaded Objects now: 3791.
Memory consumption went from 117.2 MB to 117.1 MB.
Total: 3.108200 ms (FindLiveObjects: 0.267300 ms CreateObjectMapping: 0.072200 ms MarkObjects: 2.745600 ms  DeleteObjects: 0.021800 ms)

AssetImportParameters requested are different than current active one (requested -> active):
  custom:video-decoder-ogg-theora: a1e56fd34408186e4bbccfd4996cb3dc -> 
  custom:container-muxer-webm: aa71ff27fc2769a1b78a27578f13a17b -> 
  custom:container-demuxer-webm: 4f35f7cbe854078d1ac9338744f61a02 -> 
  custom:video-encoder-webm-vp8: eb34c28f22e8b96e1ab97ce403110664 -> 
  custom:audio-encoder-webm-vorbis: bf7c407c2cedff20999df2af8eb42d56 -> 
  custom:framework-win-MediaFoundation: 216162199b28c13a410421893ffa2e32 -> 
  custom:container-demuxer-ogg: 62fdf1f143b41e24485cea50d1cbac27 -> 
  custom:video-decoder-webm-vp8: 9c59270c3fd7afecdb556c50c9e8de78 -> 
  custom:audio-decoder-ogg-vorbis: bf7c407c2cedff20999df2af8eb42d56 -> 
